0 info it worked if it ends with ok
1 verbose cli [ '/usr/bin/node', '/usr/bin/npm', 'install', 'hyphenator' ]
2 info using npm@1.3.14
3 info using node@v0.10.22
4 verbose node symlink /usr/bin/node
5 warn package.json cned@0.0.0 No description
6 warn package.json cned@0.0.0 No repository field.
7 warn package.json cned@0.0.0 No README data
8 verbose readDependencies using package.json deps
9 verbose cache add [ 'hyphenator', null ]
10 verbose cache add name=undefined spec="hyphenator" args=["hyphenator",null]
11 verbose parsed url { protocol: null,
11 verbose parsed url   slashes: null,
11 verbose parsed url   auth: null,
11 verbose parsed url   host: null,
11 verbose parsed url   port: null,
11 verbose parsed url   hostname: null,
11 verbose parsed url   hash: null,
11 verbose parsed url   search: null,
11 verbose parsed url   query: null,
11 verbose parsed url   pathname: 'hyphenator',
11 verbose parsed url   path: 'hyphenator',
11 verbose parsed url   href: 'hyphenator' }
12 silly lockFile 174f28ad-hyphenator hyphenator
13 verbose lock hyphenator /home/anass/.npm/174f28ad-hyphenator.lock
14 silly lockFile 174f28ad-hyphenator hyphenator
15 silly lockFile 174f28ad-hyphenator hyphenator
16 verbose addNamed [ 'hyphenator', '' ]
17 verbose addNamed [ null, '*' ]
18 silly lockFile 7eaa10c6-hyphenator hyphenator@
19 verbose lock hyphenator@ /home/anass/.npm/7eaa10c6-hyphenator.lock
20 silly addNameRange { name: 'hyphenator', range: '*', hasData: false }
21 verbose url raw hyphenator
22 verbose url resolving [ 'https://registry.npmjs.org/', './hyphenator' ]
23 verbose url resolved https://registry.npmjs.org/hyphenator
24 info trying registry request attempt 1 at 09:45:31
25 http GET https://registry.npmjs.org/hyphenator
26 http 404 https://registry.npmjs.org/hyphenator
27 silly registry.get cb [ 404,
27 silly registry.get   { date: 'Wed, 29 Jan 2014 09:45:38 GMT',
27 silly registry.get     server: 'CouchDB/1.5.0 (Erlang OTP/R15B03)',
27 silly registry.get     'content-type': 'application/json',
27 silly registry.get     'cache-control': 'max-age=0',
27 silly registry.get     'content-length': '52',
27 silly registry.get     'accept-ranges': 'bytes',
27 silly registry.get     via: '1.1 varnish',
27 silly registry.get     age: '0',
27 silly registry.get     'x-served-by': 'cache-fra1223-FRA',
27 silly registry.get     'x-cache': 'MISS',
27 silly registry.get     'x-cache-hits': '0',
27 silly registry.get     'x-timer': 'S1390988738.850477695,VS0,VE136',
27 silly registry.get     'keep-alive': 'timeout=10, max=50',
27 silly registry.get     connection: 'Keep-Alive' } ]
28 silly lockFile 7eaa10c6-hyphenator hyphenator@
29 silly lockFile 7eaa10c6-hyphenator hyphenator@
30 error 404 'hyphenator' is not in the npm registry.
30 error 404 You should bug the author to publish it
30 error 404
30 error 404 Note that you can also install from a
30 error 404 tarball, folder, or http url, or git url.
31 error System Linux 3.2.0-29-generic
32 error command "/usr/bin/node" "/usr/bin/npm" "install" "hyphenator"
33 error cwd /home/anass/projet/trunk
34 error node -v v0.10.22
35 error npm -v 1.3.14
36 error code E404
37 verbose exit [ 1, true ]
